Determining if the pthread_create exist failed with the following output:
Change Dir: /home/wings/Projects/OSlabs/cmake-build-debug/CMakeFiles/CMakeTmp

Run Build Command:"/usr/bin/make" "cmTC_b6443/fast"
/usr/bin/make -f CMakeFiles/cmTC_b6443.dir/build.make CMakeFiles/cmTC_b6443.dir/build
make[1]: 进入目录“/home/wings/Projects/OSlabs/cmake-build-debug/CMakeFiles/CMakeTmp”
Building C object CMakeFiles/cmTC_b6443.dir/CheckSymbolExists.c.o
/usr/bin/cc    -o CMakeFiles/cmTC_b6443.dir/CheckSymbolExists.c.o   -c /home/wings/Projects/OSlabs/cmake-build-debug/CMakeFiles/CMakeTmp/CheckSymbolExists.c
Linking C executable cmTC_b6443
/opt/clion/bin/cmake/bin/cmake -E cmake_link_script CMakeFiles/cmTC_b6443.dir/link.txt --verbose=1
/usr/bin/cc      CMakeFiles/cmTC_b6443.dir/CheckSymbolExists.c.o  -o cmTC_b6443 
CMakeFiles/cmTC_b6443.dir/CheckSymbolExists.c.o：在函数‘main’中：
CheckSymbolExists.c:(.text+0x1b)：对‘pthread_create’未定义的引用
collect2: 错误：ld 返回 1
make[1]: *** [CMakeFiles/cmTC_b6443.dir/build.make:98：cmTC_b6443] 错误 1
make[1]: 离开目录“/home/wings/Projects/OSlabs/cmake-build-debug/CMakeFiles/CMakeTmp”
make: *** [Makefile:126：cmTC_b6443/fast] 错误 2

File /home/wings/Projects/OSlabs/cmake-build-debug/CMakeFiles/CMakeTmp/CheckSymbolExists.c:
/* */
#include <pthread.h>

int main(int argc, char** argv)
{
  (void)argv;
#ifndef pthread_create
  return ((int*)(&pthread_create))[argc];
#else
  (void)argc;
  return 0;
#endif
}

Determining if the function pthread_create exists in the pthreads failed with the following output:
Change Dir: /home/wings/Projects/OSlabs/cmake-build-debug/CMakeFiles/CMakeTmp

Run Build Command:"/usr/bin/make" "cmTC_cac5e/fast"
/usr/bin/make -f CMakeFiles/cmTC_cac5e.dir/build.make CMakeFiles/cmTC_cac5e.dir/build
make[1]: 进入目录“/home/wings/Projects/OSlabs/cmake-build-debug/CMakeFiles/CMakeTmp”
Building C object CMakeFiles/cmTC_cac5e.dir/CheckFunctionExists.c.o
/usr/bin/cc   -DCHECK_FUNCTION_EXISTS=pthread_create   -o CMakeFiles/cmTC_cac5e.dir/CheckFunctionExists.c.o   -c /opt/clion/bin/cmake/share/cmake-3.10/Modules/CheckFunctionExists.c
Linking C executable cmTC_cac5e
/opt/clion/bin/cmake/bin/cmake -E cmake_link_script CMakeFiles/cmTC_cac5e.dir/link.txt --verbose=1
/usr/bin/cc  -DCHECK_FUNCTION_EXISTS=pthread_create    CMakeFiles/cmTC_cac5e.dir/CheckFunctionExists.c.o  -o cmTC_cac5e -lpthreads 
/usr/bin/ld: 找不到 -lpthreads
collect2: 错误：ld 返回 1
make[1]: *** [CMakeFiles/cmTC_cac5e.dir/build.make:98：cmTC_cac5e] 错误 1
make[1]: 离开目录“/home/wings/Projects/OSlabs/cmake-build-debug/CMakeFiles/CMakeTmp”
make: *** [Makefile:126：cmTC_cac5e/fast] 错误 2


