Determining if the pthread_create exist failed with the following output:
Change Dir: /home/wings/OneDrive/Labs/Back/OSlabs/OSlab3/cmake-build-debug/CMakeFiles/CMakeTmp

Run Build Command:"/usr/bin/make" "cmTC_c2fa6/fast"
/usr/bin/make -f CMakeFiles/cmTC_c2fa6.dir/build.make CMakeFiles/cmTC_c2fa6.dir/build
make[1]: Entering directory '/home/wings/OneDrive/Labs/Back/OSlabs/OSlab3/cmake-build-debug/CMakeFiles/CMakeTmp'
Building C object CMakeFiles/cmTC_c2fa6.dir/CheckSymbolExists.c.o
/usr/bin/cc    -o CMakeFiles/cmTC_c2fa6.dir/CheckSymbolExists.c.o   -c /home/wings/OneDrive/Labs/Back/OSlabs/OSlab3/cmake-build-debug/CMakeFiles/CMakeTmp/CheckSymbolExists.c
Linking C executable cmTC_c2fa6
/home/wings/.local/share/JetBrains/Toolbox/apps/CLion/ch-0/182.3684.76/bin/cmake/linux/bin/cmake -E cmake_link_script CMakeFiles/cmTC_c2fa6.dir/link.txt --verbose=1
/usr/bin/cc      CMakeFiles/cmTC_c2fa6.dir/CheckSymbolExists.c.o  -o cmTC_c2fa6 
/usr/bin/ld: CMakeFiles/cmTC_c2fa6.dir/CheckSymbolExists.c.o: in function `main':
CheckSymbolExists.c:(.text+0x1b): undefined reference to `pthread_create'
collect2: error: ld returned 1 exit status
make[1]: *** [CMakeFiles/cmTC_c2fa6.dir/build.make:87: cmTC_c2fa6] Error 1
make[1]: Leaving directory '/home/wings/OneDrive/Labs/Back/OSlabs/OSlab3/cmake-build-debug/CMakeFiles/CMakeTmp'
make: *** [Makefile:121: cmTC_c2fa6/fast] Error 2

File /home/wings/OneDrive/Labs/Back/OSlabs/OSlab3/cmake-build-debug/CMakeFiles/CMakeTmp/CheckSymbolExists.c:
/* */
#include <pthread.h>

int main(int argc, char** argv)
{
  (void)argv;
#ifndef pthread_create
  return ((int*)(&pthread_create))[argc];
#else
  (void)argc;
  return 0;
#endif
}

Determining if the function pthread_create exists in the pthreads failed with the following output:
Change Dir: /home/wings/OneDrive/Labs/Back/OSlabs/OSlab3/cmake-build-debug/CMakeFiles/CMakeTmp

Run Build Command:"/usr/bin/make" "cmTC_dc72f/fast"
/usr/bin/make -f CMakeFiles/cmTC_dc72f.dir/build.make CMakeFiles/cmTC_dc72f.dir/build
make[1]: Entering directory '/home/wings/OneDrive/Labs/Back/OSlabs/OSlab3/cmake-build-debug/CMakeFiles/CMakeTmp'
Building C object CMakeFiles/cmTC_dc72f.dir/CheckFunctionExists.c.o
/usr/bin/cc   -DCHECK_FUNCTION_EXISTS=pthread_create   -o CMakeFiles/cmTC_dc72f.dir/CheckFunctionExists.c.o   -c /home/wings/.local/share/JetBrains/Toolbox/apps/CLion/ch-0/182.3684.76/bin/cmake/linux/share/cmake-3.12/Modules/CheckFunctionExists.c
Linking C executable cmTC_dc72f
/home/wings/.local/share/JetBrains/Toolbox/apps/CLion/ch-0/182.3684.76/bin/cmake/linux/bin/cmake -E cmake_link_script CMakeFiles/cmTC_dc72f.dir/link.txt --verbose=1
/usr/bin/cc  -DCHECK_FUNCTION_EXISTS=pthread_create    CMakeFiles/cmTC_dc72f.dir/CheckFunctionExists.c.o  -o cmTC_dc72f -lpthreads 
/usr/bin/ld: cannot find -lpthreads
collect2: error: ld returned 1 exit status
make[1]: *** [CMakeFiles/cmTC_dc72f.dir/build.make:87: cmTC_dc72f] Error 1
make[1]: Leaving directory '/home/wings/OneDrive/Labs/Back/OSlabs/OSlab3/cmake-build-debug/CMakeFiles/CMakeTmp'
make: *** [Makefile:121: cmTC_dc72f/fast] Error 2


